timestamp: 2018-05-07T14:11:38.335566
CREATE TABLE "web2py_session_start_ref"(
    "id" INTEGER PRIMARY KEY AUTOINCREMENT,
    "locked" CHAR(1),
    "client_ip" CHAR(64),
    "created_datetime" TIMESTAMP,
    "modified_datetime" TIMESTAMP,
    "unique_key" CHAR(64),
    "session_data" BLOB
);
success!
timestamp: 2018-05-07T14:11:38.352888
CREATE TABLE "auth_user"(
    "id" INTEGER PRIMARY KEY AUTOINCREMENT,
    "first_name" CHAR(128),
    "last_name" CHAR(128),
    "email" CHAR(512),
    "password" CHAR(512),
    "registration_key" CHAR(512),
    "reset_password_key" CHAR(512),
    "registration_id" CHAR(512)
);
success!
timestamp: 2018-05-07T14:11:38.358050
CREATE TABLE "auth_group"(
    "id" INTEGER PRIMARY KEY AUTOINCREMENT,
    "role" CHAR(512),
    "description" TEXT
);
success!
timestamp: 2018-05-07T14:11:38.362093
CREATE TABLE "auth_membership"(
    "id" INTEGER PRIMARY KEY AUTOINCREMENT,
    "user_id" INTEGER REFERENCES "auth_user" ("id") ON DELETE CASCADE  ,
    "group_id" INTEGER REFERENCES "auth_group" ("id") ON DELETE CASCADE  
);
success!
timestamp: 2018-05-07T14:11:38.366541
CREATE TABLE "auth_permission"(
    "id" INTEGER PRIMARY KEY AUTOINCREMENT,
    "group_id" INTEGER REFERENCES "auth_group" ("id") ON DELETE CASCADE  ,
    "name" CHAR(512),
    "table_name" CHAR(512),
    "record_id" INTEGER
);
success!
timestamp: 2018-05-07T14:11:38.371677
CREATE TABLE "auth_event"(
    "id" INTEGER PRIMARY KEY AUTOINCREMENT,
    "time_stamp" TIMESTAMP,
    "client_ip" CHAR(512),
    "user_id" INTEGER REFERENCES "auth_user" ("id") ON DELETE CASCADE  ,
    "origin" CHAR(512),
    "description" TEXT
);
success!
timestamp: 2018-05-07T14:11:38.376709
CREATE TABLE "auth_cas"(
    "id" INTEGER PRIMARY KEY AUTOINCREMENT,
    "user_id" INTEGER REFERENCES "auth_user" ("id") ON DELETE CASCADE  ,
    "created_on" TIMESTAMP,
    "service" CHAR(512),
    "ticket" CHAR(512),
    "renew" CHAR(1)
);
success!
timestamp: 2018-05-07T14:11:38.385525
CREATE TABLE "track"(
    "id" INTEGER PRIMARY KEY AUTOINCREMENT,
    "artist" CHAR(512),
    "album" CHAR(512),
    "title" CHAR(512),
    "num_plays" INTEGER,
    "has_track" CHAR(1),
    "created_by" CHAR(512),
    "created_on" CHAR(512)
);
success!
timestamp: 2018-05-07T14:11:38.393449
CREATE TABLE "track_data"(
    "id" INTEGER PRIMARY KEY AUTOINCREMENT,
    "track_id" INTEGER REFERENCES "track" ("id") ON DELETE CASCADE  ,
    "original_filename" CHAR(512),
    "data_blob" BLOB,
    "mime_type" CHAR(512)
);
success!
timestamp: 2018-05-07T14:22:34.779759
CREATE TABLE "checklist"(
    "id" INTEGER PRIMARY KEY AUTOINCREMENT,
    "user_email" CHAR(512),
    "title" CHAR(512),
    "memo" TEXT,
    "updated_on" TIMESTAMP,
    "is_public" CHAR(1)
);
success!
timestamp: 2018-05-07T15:16:36.219305
ALTER TABLE "checklist" ADD "description" TEXT;
success!
success!
success!
success!
success!
success!
success!
success!
success!
success!
success!
success!
success!
success!
success!
success!
success!
success!
success!
success!
success!
success!
success!
success!
success!
success!
success!
success!
success!
success!
success!
success!
success!
success!
success!
success!
success!
success!
success!
success!
success!
success!
success!
success!
success!
success!
success!
success!
success!
success!
success!
success!
success!
success!
success!
success!
success!
success!
success!
success!
success!
success!
success!
success!
success!
success!
success!
success!
success!
success!
success!
success!
success!
success!
success!
success!
success!
success!
success!
success!
success!
success!
success!
success!
success!
success!
success!
success!
success!
success!
success!
success!
success!
success!
success!
success!
success!
success!
success!
success!
success!
success!
success!
success!
success!
success!
success!
success!
success!
success!
success!
success!
success!
success!
success!
success!
success!
success!
success!
success!
success!
success!
success!
success!
success!
success!
success!
success!
success!
success!
success!
success!
success!
success!
success!
success!
success!
success!
success!
success!
success!
success!
success!
success!
success!
success!
success!
success!
success!
success!
success!
success!
success!
success!
success!
success!
success!
success!
success!
success!
success!
success!
success!
success!
success!
success!
success!
success!
success!
success!
success!
success!
success!
success!
success!
timestamp: 2018-05-07T16:06:42.023295
CREATE TABLE "checklist_data"(
    "id" INTEGER PRIMARY KEY AUTOINCREMENT,
    "track_id" INTEGER REFERENCES "track" ("id") ON DELETE CASCADE  
);
success!
timestamp: 2018-05-09T21:06:56.977040
ALTER TABLE "checklist" ADD "has_memo" CHAR(1);
success!
timestamp: 2018-05-09T22:19:37.134765
ALTER TABLE "checklist" ADD "memo_id" INTEGER REFERENCES "checklist" ("id") ON DELETE CASCADE  ;
success!
timestamp: 2018-05-09T23:23:52.030591
ALTER TABLE "checklist" ADD "is_editing_memo" CHAR(1);
success!
timestamp: 2018-05-17T15:59:23.555785
CREATE TABLE "web2py_session_rev3hw3"(
    "id" INTEGER PRIMARY KEY AUTOINCREMENT,
    "locked" CHAR(1),
    "client_ip" CHAR(64),
    "created_datetime" TIMESTAMP,
    "modified_datetime" TIMESTAMP,
    "unique_key" CHAR(64),
    "session_data" BLOB
);
success!
